<?xml version="1.0" encoding="UTF-8"?>
<Site BuildName="(empty)"
	BuildStamp="20241209-1309-Experimental"
	Name="Vivobook"
	Generator="ctest-3.22.1"
	CompilerName="/usr/bin/c++"
	CompilerVersion="11.4.0"
	OSName="Linux"
	Hostname="Vivobook"
	OSRelease="6.8.0-47-generic"
	OSVersion="#47~22.04.1-Ubuntu SMP PREEMPT_DYNAMIC Wed Oct  2 16:16:55 UTC 2"
	OSPlatform="x86_64"
	Is64Bits="1"
	VendorString="GenuineIntel"
	VendorID="Intel Corporation"
	FamilyID="6"
	ModelID="186"
	ProcessorCacheSize="24576"
	NumberOfLogicalCPU="20"
	NumberOfPhysicalCPU="14"
	TotalVirtualMemory="2047"
	TotalPhysicalMemory="15612"
	LogicalProcessorsPerPhysical="1"
	ProcessorClockFrequency="400"
	>
	<Testing>
		<StartDateTime>Dec 09 20:30 IST</StartDateTime>
		<StartTestTime>1733756458</StartTestTime>
		<TestList/>
		<EndDateTime>Dec 09 20:30 IST</EndDateTime>
		<EndTestTime>1733756458</EndTestTime>
		<ElapsedMinutes>0</ElapsedMinutes>
	</Testing>
</Site>
